app/build/outputs/logs/manifest-merger-release-report.txt
-- Merging decision tree log ---
manifest
ADDED from AndroidManifest.xml:2:1
	xmlns:android
		ADDED from AndroidManifest.xml:2:11
	package
		ADDED from AndroidManifest.xml:3:11
		INJECTED from AndroidManifest.xml:0:0
		INJECTED from AndroidManifest.xml:0:0
	android:versionName
		ADDED from AndroidManifest.xml:6:11
	android:versionCode
		ADDED from AndroidManifest.xml:5:11
		INJECTED from AndroidManifest.xml:0:0
		INJECTED from AndroidManifest.xml:0:0
	android:installLocation
		ADDED from AndroidManifest.xml:4:11
instrumentation#android.test.InstrumentationTestRunner
ADDED from AndroidManifest.xml:8:5
	android:label
		ADDED from AndroidManifest.xml:10:3
	android:targetPackage
		ADDED from AndroidManifest.xml:9:3
	android:name
		ADDED from AndroidManifest.xml:8:22
uses-permission#android.permission.INTERNET
ADDED from AndroidManifest.xml:12:5
	android:name
		ADDED from AndroidManifest.xml:12:22
uses-permission#android.permission.READ_PHONE_STATE
ADDED from AndroidManifest.xml:13:5
	android:name
		ADDED from AndroidManifest.xml:13:22
uses-permission#android.permission.ACCESS_NETWORK_STATE
ADDED from AndroidManifest.xml:14:5
	android:name
		ADDED from AndroidManifest.xml:14:22
uses-permission#android.permission.WAKE_LOCK
ADDED from AndroidManifest.xml:15:5
	android:name
		ADDED from AndroidManifest.xml:15:22
uses-permission#android.permission.WRITE_EXTERNAL_STORAGE
ADDED from AndroidManifest.xml:16:5
	android:name
		ADDED from AndroidManifest.xml:16:22
uses-permission#android.permission.RECORD_AUDIO
ADDED from AndroidManifest.xml:17:5
	android:name
		ADDED from AndroidManifest.xml:17:22
uses-permission#android.permission.MODIFY_AUDIO_SETTINGS
ADDED from AndroidManifest.xml:18:5
	android:name
		ADDED from AndroidManifest.xml:18:22
uses-permission#android.permission.READ_EXTERNAL_STORAGE
ADDED from AndroidManifest.xml:19:2
	android:name
		ADDED from AndroidManifest.xml:19:19
uses-permission#android.permission.BLUETOOTH
ADDED from AndroidManifest.xml:20:2
	android:name
		ADDED from AndroidManifest.xml:20:19
uses-permission#android.permission.READ_LOGS
ADDED from AndroidManifest.xml:21:2
	android:name
		ADDED from AndroidManifest.xml:21:19
uses-permission#android.permission.READ_SYNC_SETTINGS
ADDED from AndroidManifest.xml:22:2
	android:name
		ADDED from AndroidManifest.xml:22:19
uses-permission#android.permission.WRITE_SYNC_SETTINGS
ADDED from AndroidManifest.xml:23:2
	android:name
		ADDED from AndroidManifest.xml:23:19
uses-permission#android.permission.AUTHENTICATE_ACCOUNTS
ADDED from AndroidManifest.xml:24:2
	android:name
		ADDED from AndroidManifest.xml:24:19
uses-permission#android.permission.ACCESS_WIFI_STATE
ADDED from AndroidManifest.xml:25:2
	android:name
		ADDED from AndroidManifest.xml:25:19
uses-permission#android.permission.CHANGE_WIFI_MULTICAST_STATE
ADDED from AndroidManifest.xml:26:2
	android:name
		ADDED from AndroidManifest.xml:26:19
uses-permission#android.permission.RECEIVE_BOOT_COMPLETED
ADDED from AndroidManifest.xml:27:2
	android:name
		ADDED from AndroidManifest.xml:27:19
uses-feature#android.hardware.touchscreen
ADDED from AndroidManifest.xml:29:2
	android:required
		ADDED from AndroidManifest.xml:29:60
	android:name
		ADDED from AndroidManifest.xml:29:16
uses-feature#android.hardware.bluetooth
ADDED from AndroidManifest.xml:30:2
	android:required
		ADDED from AndroidManifest.xml:30:58
	android:name
		ADDED from AndroidManifest.xml:30:16
uses-feature#android.hardware.microphone
ADDED from AndroidManifest.xml:31:2
	android:required
		ADDED from AndroidManifest.xml:31:59
	android:name
		ADDED from AndroidManifest.xml:31:16
uses-feature#android.hardware.wifi
ADDED from AndroidManifest.xml:32:2
	android:required
		ADDED from AndroidManifest.xml:32:53
	android:name
		ADDED from AndroidManifest.xml:32:16
uses-sdk
ADDED from AndroidManifest.xml:34:5
MERGED from dsub:Server Proxy:unspecified:5:5
MERGED from com.android.support:support-v4:22.2.1:20:5
MERGED from com.android.support:support-v4:22.2.1:20:5
MERGED from com.android.support:appcompat-v7:22.2.1:20:5
MERGED from com.android.support:support-v4:22.2.1:20:5
MERGED from com.android.support:mediarouter-v7:22.2.1:20:5
MERGED from com.android.support:appcompat-v7:22.2.1:20:5
MERGED from com.android.support:support-v4:22.2.1:20:5
MERGED from com.android.support:recyclerview-v7:22.2.1:20:5
MERGED from com.android.support:support-v4:22.2.1:20:5
MERGED from com.android.support:design:22.2.1:20:5
MERGED from com.android.support:appcompat-v7:22.2.1:20:5
MERGED from com.android.support:support-v4:22.2.1:20:5
MERGED from com.android.support:support-v4:22.2.1:20:5
MERGED from com.google.android.gms:play-services-cast:7.0.0:18:5
MERGED from com.google.android.gms:play-services-base:7.0.0:18:5
MERGED from com.android.support:support-v4:22.2.1:20:5
MERGED from com.sothree.slidinguppanel:library:3.0.0:7:5
MERGED from com.android.support:support-v4:22.2.1:20:5
MERGED from de.hdodenhof:circleimageview:1.2.1:5:5
	android:targetSdkVersion
		ADDED from AndroidManifest.xml:34:42
		INJECTED from AndroidManifest.xml:0:0
		INJECTED from AndroidManifest.xml:0:0
	android:minSdkVersion
		ADDED from AndroidManifest.xml:34:15
		INJECTED from AndroidManifest.xml:0:0
		INJECTED from AndroidManifest.xml:0:0
supports-screens
ADDED from AndroidManifest.xml:36:5
	android:largeScreens
		ADDED from AndroidManifest.xml:36:78
	android:anyDensity
		ADDED from AndroidManifest.xml:36:23
	android:normalScreens
		ADDED from AndroidManifest.xml:36:106
	android:xlargeScreens
		ADDED from AndroidManifest.xml:36:49
	android:smallScreens
		ADDED from AndroidManifest.xml:36:135
application
ADDED from AndroidManifest.xml:38:5
MERGED from com.android.support:support-v4:22.2.1:22:5
MERGED from com.android.support:support-v4:22.2.1:22:5
MERGED from com.android.support:appcompat-v7:22.2.1:22:5
MERGED from com.android.support:support-v4:22.2.1:22:5
MERGED from com.android.support:mediarouter-v7:22.2.1:22:5
MERGED from com.android.support:appcompat-v7:22.2.1:22:5
MERGED from com.android.support:support-v4:22.2.1:22:5
MERGED from com.android.support:support-v4:22.2.1:22:5
MERGED from com.android.support:design:22.2.1:22:5
MERGED from com.android.support:appcompat-v7:22.2.1:22:5
MERGED from com.android.support:support-v4:22.2.1:22:5
MERGED from com.android.support:support-v4:22.2.1:22:5
MERGED from com.google.android.gms:play-services-cast:7.0.0:19:5
MERGED from com.google.android.gms:play-services-base:7.0.0:20:5
MERGED from com.android.support:support-v4:22.2.1:22:5
MERGED from com.sothree.slidinguppanel:library:3.0.0:9:5
MERGED from com.android.support:support-v4:22.2.1:22:5
MERGED from de.hdodenhof:circleimageview:1.2.1:9:5
	android:label
		ADDED from AndroidManifest.xml:38:18
	android:icon
		ADDED from AndroidManifest.xml:40:6
	android:theme
		ADDED from AndroidManifest.xml:41:6
	android:backupAgent
		ADDED from AndroidManifest.xml:39:6
uses-library#android.test.runner
ADDED from AndroidManifest.xml:43:9
	android:name
		ADDED from AndroidManifest.xml:43:23
activity#github.daneren2005.dsub.activity.SubsonicFragmentActivity
ADDED from AndroidManifest.xml:45:3
	android:configChanges
		ADDED from AndroidManifest.xml:46:7
	android:name
		ADDED from AndroidManifest.xml:45:13
	android:launchMode
		ADDED from AndroidManifest.xml:47:7
intent-filter#android.intent.action.MAIN+android.intent.category.LAUNCHER+android.intent.category.LEANBACK_LAUNCHER
ADDED from AndroidManifest.xml:48:4
action#android.intent.action.MAIN
ADDED from AndroidManifest.xml:49:5
	android:name
		ADDED from AndroidManifest.xml:49:13
category#android.intent.category.LAUNCHER
ADDED from AndroidManifest.xml:50:5
	android:name
		ADDED from AndroidManifest.xml:50:15
category#android.intent.category.LEANBACK_LAUNCHER
ADDED from AndroidManifest.xml:51:5
	android:name
		ADDED from AndroidManifest.xml:51:15
activity#github.daneren2005.dsub.activity.SettingsActivity
ADDED from AndroidManifest.xml:55:9
	android:configChanges
		ADDED from AndroidManifest.xml:56:19
	android:name
		ADDED from AndroidManifest.xml:55:19
	android:launchMode
		ADDED from AndroidManifest.xml:57:19
activity#github.daneren2005.dsub.activity.VoiceQueryReceiverActivity
ADDED from AndroidManifest.xml:59:9
	android:name
		ADDED from AndroidManifest.xml:59:19
	android:launchMode
		ADDED from AndroidManifest.xml:60:19
intent-filter#android.intent.category.DEFAULT+android.media.action.MEDIA_PLAY_FROM_SEARCH
ADDED from AndroidManifest.xml:61:13
action#android.media.action.MEDIA_PLAY_FROM_SEARCH
ADDED from AndroidManifest.xml:62:17
	android:name
		ADDED from AndroidManifest.xml:62:25
category#android.intent.category.DEFAULT
ADDED from AndroidManifest.xml:63:17
	android:name
		ADDED from AndroidManifest.xml:63:27
intent-filter#android.intent.category.BROWSABLE+android.intent.category.DEFAULT+com.google.android.gms.actions.SEARCH_ACTION
ADDED from AndroidManifest.xml:66:4
action#com.google.android.gms.actions.SEARCH_ACTION
ADDED from AndroidManifest.xml:67:5
	android:name
		ADDED from AndroidManifest.xml:67:13
category#android.intent.category.BROWSABLE
ADDED from AndroidManifest.xml:69:5
	android:name
		ADDED from AndroidManifest.xml:69:15
activity#github.daneren2005.dsub.activity.QueryReceiverActivity
ADDED from AndroidManifest.xml:73:9
	android:name
		ADDED from AndroidManifest.xml:73:19
	android:launchMode
		ADDED from AndroidManifest.xml:74:19
intent-filter#android.intent.action.SEARCH
ADDED from AndroidManifest.xml:75:13
action#android.intent.action.SEARCH
ADDED from AndroidManifest.xml:76:17
	android:name
		ADDED from AndroidManifest.xml:76:25
meta-data#android.app.searchable
ADDED from AndroidManifest.xml:78:13
	android:resource
		ADDED from AndroidManifest.xml:78:62
	android:name
		ADDED from AndroidManifest.xml:78:24
activity#github.daneren2005.dsub.activity.EditPlayActionActivity
ADDED from AndroidManifest.xml:81:3
	android:label
		ADDED from AndroidManifest.xml:83:4
	android:icon
		ADDED from AndroidManifest.xml:84:4
	android:name
		ADDED from AndroidManifest.xml:82:4
intent-filter#com.twofortyfouram.locale.intent.action.EDIT_SETTING
ADDED from AndroidManifest.xml:86:4
action#com.twofortyfouram.locale.intent.action.EDIT_SETTING
ADDED from AndroidManifest.xml:87:5
	android:name
		ADDED from AndroidManifest.xml:87:13
service#github.daneren2005.dsub.service.DownloadService
ADDED from AndroidManifest.xml:91:9
	android:label
		ADDED from AndroidManifest.xml:92:18
	android:name
		ADDED from AndroidManifest.xml:91:18
service#org.fourthline.cling.android.AndroidUpnpServiceImpl
ADDED from AndroidManifest.xml:93:3
	android:name
		ADDED from AndroidManifest.xml:93:12
service#github.daneren2005.dsub.service.sync.AuthenticatorService
ADDED from AndroidManifest.xml:94:3
	android:name
		ADDED from AndroidManifest.xml:94:12
intent-filter#android.accounts.AccountAuthenticator
ADDED from AndroidManifest.xml:95:4
action#android.accounts.AccountAuthenticator
ADDED from AndroidManifest.xml:96:5
	android:name
		ADDED from AndroidManifest.xml:96:13
meta-data#android.accounts.AccountAuthenticator
ADDED from AndroidManifest.xml:99:4
	android:resource
		ADDED from AndroidManifest.xml:100:5
	android:name
		ADDED from AndroidManifest.xml:99:15
service#github.daneren2005.dsub.service.sync.PlaylistSyncService
ADDED from AndroidManifest.xml:102:3
	android:process
		ADDED from AndroidManifest.xml:104:4
	android:exported
		ADDED from AndroidManifest.xml:103:4
	android:name
		ADDED from AndroidManifest.xml:102:12
intent-filter#android.content.SyncAdapter
ADDED from AndroidManifest.xml:106:4
action#android.content.SyncAdapter
ADDED from AndroidManifest.xml:107:5
	android:name
		ADDED from AndroidManifest.xml:107:13
meta-data#android.content.SyncAdapter
ADDED from AndroidManifest.xml:109:4
	android:resource
		ADDED from AndroidManifest.xml:110:5
	android:name
		ADDED from AndroidManifest.xml:109:15
service#github.daneren2005.dsub.service.sync.PodcastSyncService
ADDED from AndroidManifest.xml:112:3
	android:process
		ADDED from AndroidManifest.xml:114:6
	android:exported
		ADDED from AndroidManifest.xml:113:6
	android:name
		ADDED from AndroidManifest.xml:112:12
service#github.daneren2005.dsub.service.sync.StarredSyncService
ADDED from AndroidManifest.xml:122:3
	android:process
		ADDED from AndroidManifest.xml:124:6
	android:exported
		ADDED from AndroidManifest.xml:123:6
	android:name
		ADDED from AndroidManifest.xml:122:12
service#github.daneren2005.dsub.service.sync.MostRecentSyncService
ADDED from AndroidManifest.xml:132:3
	android:process
		ADDED from AndroidManifest.xml:134:6
	android:exported
		ADDED from AndroidManifest.xml:133:6
	android:name
		ADDED from AndroidManifest.xml:132:12
service#github.daneren2005.dsub.service.HeadphoneListenerService
ADDED from AndroidManifest.xml:143:3
	android:label
		ADDED from AndroidManifest.xml:144:4
	android:name
		ADDED from AndroidManifest.xml:143:12
receiver#github.daneren2005.dsub.receiver.BootReceiver
ADDED from AndroidManifest.xml:145:3
	android:name
		ADDED from AndroidManifest.xml:146:4
intent-filter#android.intent.action.BOOT_COMPLETED
ADDED from AndroidManifest.xml:147:4
action#android.intent.action.BOOT_COMPLETED
ADDED from AndroidManifest.xml:148:5
	android:name
		ADDED from AndroidManifest.xml:149:6
receiver#github.daneren2005.dsub.receiver.MediaButtonIntentReceiver
ADDED from AndroidManifest.xml:153:9
	android:name
		ADDED from AndroidManifest.xml:153:19
intent-filter#android.intent.action.MEDIA_BUTTON
ADDED from AndroidManifest.xml:154:10
action#android.intent.action.MEDIA_BUTTON
ADDED from AndroidManifest.xml:155:5
	android:name
		ADDED from AndroidManifest.xml:155:13
receiver#github.daneren2005.dsub.receiver.AudioNoisyReceiver
ADDED from AndroidManifest.xml:159:3
	android:name
		ADDED from AndroidManifest.xml:159:13
intent-filter#android.media.AUDIO_BECOMING_NOISY
ADDED from AndroidManifest.xml:160:4
	android:priority
		ADDED from AndroidManifest.xml:160:19
action#android.media.AUDIO_BECOMING_NOISY
ADDED from AndroidManifest.xml:161:5
	android:name
		ADDED from AndroidManifest.xml:161:13
receiver#github.daneren2005.dsub.receiver.A2dpIntentReceiver
ADDED from AndroidManifest.xml:165:3
	android:name
		ADDED from AndroidManifest.xml:165:13
intent-filter#android.music.playstatusrequest
ADDED from AndroidManifest.xml:166:4
action#android.music.playstatusrequest
ADDED from AndroidManifest.xml:167:5
	android:name
		ADDED from AndroidManifest.xml:167:13
receiver#github.daneren2005.dsub.provider.DSubWidget4x1
ADDED from AndroidManifest.xml:171:9
	android:label
		ADDED from AndroidManifest.xml:173:4
	android:name
		ADDED from AndroidManifest.xml:172:4
intent-filter#android.appwidget.action.APPWIDGET_UPDATE
ADDED from AndroidManifest.xml:174:13
action#android.appwidget.action.APPWIDGET_UPDATE
ADDED from AndroidManifest.xml:175:17
	android:name
		ADDED from AndroidManifest.xml:175:25
meta-data#android.appwidget.provider
ADDED from AndroidManifest.xml:177:13
	android:resource
		ADDED from AndroidManifest.xml:177:66
	android:name
		ADDED from AndroidManifest.xml:177:24
receiver#github.daneren2005.dsub.provider.DSubWidget4x2
ADDED from AndroidManifest.xml:179:3
	android:label
		ADDED from AndroidManifest.xml:181:4
	android:name
		ADDED from AndroidManifest.xml:180:4
receiver#github.daneren2005.dsub.provider.DSubWidget4x3
ADDED from AndroidManifest.xml:187:3
	android:label
		ADDED from AndroidManifest.xml:189:4
	android:name
		ADDED from AndroidManifest.xml:188:4
receiver#github.daneren2005.dsub.provider.DSubWidget4x4
ADDED from AndroidManifest.xml:195:3
	android:label
		ADDED from AndroidManifest.xml:197:4
	android:name
		ADDED from AndroidManifest.xml:196:4
receiver#github.daneren2005.dsub.receiver.PlayActionReceiver
ADDED from AndroidManifest.xml:204:3
	android:name
		ADDED from AndroidManifest.xml:205:4
intent-filter#com.twofortyfouram.locale.intent.action.FIRE_SETTING
ADDED from AndroidManifest.xml:207:4
action#com.twofortyfouram.locale.intent.action.FIRE_SETTING
ADDED from AndroidManifest.xml:208:5
	android:name
		ADDED from AndroidManifest.xml:208:13
provider#github.daneren2005.dsub.provider.DSubSearchProvider
ADDED from AndroidManifest.xml:212:9
	android:authorities
		ADDED from AndroidManifest.xml:213:19
	android:name
		ADDED from AndroidManifest.xml:212:19
provider#github.daneren2005.dsub.provider.PlaylistStubProvider
ADDED from AndroidManifest.xml:214:3
	android:label
		ADDED from AndroidManifest.xml:216:4
	android:syncable
		ADDED from AndroidManifest.xml:218:4
	android:exported
		ADDED from AndroidManifest.xml:217:4
	android:authorities
		ADDED from AndroidManifest.xml:215:4
	android:name
		ADDED from AndroidManifest.xml:214:13
provider#github.daneren2005.dsub.provider.PodcastStubProvider
ADDED from AndroidManifest.xml:219:3
	android:label
		ADDED from AndroidManifest.xml:221:4
	android:syncable
		ADDED from AndroidManifest.xml:223:4
	android:exported
		ADDED from AndroidManifest.xml:222:4
	android:authorities
		ADDED from AndroidManifest.xml:220:4
	android:name
		ADDED from AndroidManifest.xml:219:13
provider#github.daneren2005.dsub.provider.StarredStubProvider
ADDED from AndroidManifest.xml:224:3
	android:label
		ADDED from AndroidManifest.xml:226:7
	android:syncable
		ADDED from AndroidManifest.xml:228:7
	android:exported
		ADDED from AndroidManifest.xml:227:7
	android:authorities
		ADDED from AndroidManifest.xml:225:7
	android:name
		ADDED from AndroidManifest.xml:224:13
provider#github.daneren2005.dsub.provider.MostRecentStubProvider
ADDED from AndroidManifest.xml:229:3
	android:label
		ADDED from AndroidManifest.xml:231:7
	android:syncable
		ADDED from AndroidManifest.xml:233:7
	android:exported
		ADDED from AndroidManifest.xml:232:7
	android:authorities
		ADDED from AndroidManifest.xml:230:7
	android:name
		ADDED from AndroidManifest.xml:229:13
meta-data#android.app.default_searchable
ADDED from AndroidManifest.xml:235:9
	android:name
		ADDED from AndroidManifest.xml:235:20
	android:value
		ADDED from AndroidManifest.xml:236:20
meta-data#com.google.android.backup.api_key
ADDED from AndroidManifest.xml:238:9
	android:name
		ADDED from AndroidManifest.xml:238:20
	android:value
		ADDED from AndroidManifest.xml:239:10
meta-data#com.google.android.gms.version
ADDED from AndroidManifest.xml:241:3
MERGED from com.google.android.gms:play-services-base:7.0.0:21:9
	android:name
		ADDED from AndroidManifest.xml:242:4
	android:value
		ADDED from AndroidManifest.xml:243:4